<?xml version="1.0" encoding="UTF-8"?>
<!-- Generated by org.testng.reporters.JUnitReportReporter -->
<testsuite skipped="0" hostname="GET-0106" name="com.trivago.tests.TrivagoScenarios" tests="1" failures="0" timestamp="29 Nov 2019 14:56:12 GMT" time="21.147" errors="0">
  <testcase name="trivagoOpenPostions_Scenario" time="21.147" classname="com.trivago.tests.TrivagoScenarios"/>
</testsuite> <!-- com.trivago.tests.TrivagoScenarios -->
